<?xml version="1.0" encoding="UTF-8"?>
<!-- Generated by org.testng.reporters.JUnitReportReporter -->
<testsuite hostname="DESKTOP-MKNL9V6" name="com.audience.util.DefineCampaign" tests="1" failures="0" timestamp="19 Feb 2018 08:08:34 GMT" time="28.003" errors="0">
  <testcase name="definecampaign" time="28.003" classname="com.audience.util.DefineCampaign"/>
</testsuite> <!-- com.audience.util.DefineCampaign -->
