<?xml version="1.0" encoding="UTF-8"?>
<!-- Generated by org.testng.reporters.JUnitReportReporter -->
<testsuite hostname="DESKTOP-MKNL9V6" name="com.audience.campaign.DefineCampaign" tests="2" failures="0" timestamp="20 Feb 2018 16:20:48 GMT" time="41.818" errors="0">
  <testcase name="campaignOptions" time="16.008" classname="com.audience.campaign.DefineCampaign"/>
  <testcase name="definecampaign" time="25.810" classname="com.audience.campaign.DefineCampaign"/>
</testsuite> <!-- com.audience.campaign.DefineCampaign -->
