<?xml version="1.0" encoding="UTF-8"?>
<!-- Generated by org.testng.reporters.JUnitReportReporter -->
<testsuite hostname="DESKTOP-MKNL9V6" name="com.audience.automation_test.BaseClass" tests="1" failures="0" timestamp="19 Feb 2018 06:28:25 GMT" time="29.155" errors="0">
  <testcase name="openBrowser" time="29.155" classname="com.audience.automation_test.BaseClass"/>
</testsuite> <!-- com.audience.automation_test.BaseClass -->
